# JRE version: Java(TM) SE Runtime Environment (16.0.1+9) (build 16.0.1+9-24)
# Java VM: Java HotSpot(TM) 64-Bit Server VM (16.0.1+9-24, mixed mode, sharing, tiered, compressed oops, compressed class ptrs, g1 gc, windows-amd64)
GC Precious Log:
 CPUs: 8 total, 8 available
 Memory: 8089M
 Large Page Support: Disabled
 NUMA Support: Disabled
 Compressed Oops: Enabled (32-bit)
 Heap Region Size: 1M
 Heap Min Capacity: 8M
 Heap Initial Capacity: 128M
 Heap Max Capacity: 2024M
 Pre-touch: Disabled
 Parallel Workers: 8
 Concurrent Workers: 2
 Concurrent Refinement Workers: 8
 Periodic GC: Disabled
Heap:
 garbage-first heap   total 102400K, used 41216K [0x0000000081800000, 0x0000000100000000)
  region size 1024K, 20 young (20480K), 6 survivors (6144K)
 Metaspace       used 21963K, committed 22144K, reserved 1073152K
  class space    used 2874K, committed 2944K, reserved 1048576K
GC Heap History (12 events):
Event: 1.372 GC heap before
{Heap before GC invocations=0 (full 0):
 garbage-first heap   total 131072K, used 23552K [0x0000000081800000, 0x0000000100000000)
  region size 1024K, 23 young (23552K), 0 survivors (0K)
 Metaspace       used 3116K, committed 3264K, reserved 1056768K
  class space    used 244K, committed 320K, reserved 1048576K
}
Event: 1.380 GC heap after
{Heap after GC invocations=1 (full 0):
 garbage-first heap   total 131072K, used 9694K [0x0000000081800000, 0x0000000100000000)
  region size 1024K, 3 young (3072K), 3 survivors (3072K)
 Metaspace       used 3116K, committed 3264K, reserved 1056768K
  class space    used 244K, committed 320K, reserved 1048576K
}
Event: 1.967 GC heap before
{Heap before GC invocations=1 (full 0):
 garbage-first heap   total 131072K, used 28126K [0x0000000081800000, 0x0000000100000000)
  region size 1024K, 22 young (22528K), 3 survivors (3072K)
 Metaspace       used 5188K, committed 5376K, reserved 1056768K
  class space    used 505K, committed 640K, reserved 1048576K
}
Event: 1.971 GC heap after
{Heap after GC invocations=2 (full 0):
 garbage-first heap   total 131072K, used 10642K [0x0000000081800000, 0x0000000100000000)
  region size 1024K, 2 young (2048K), 2 survivors (2048K)
 Metaspace       used 5188K, committed 5376K, reserved 1056768K
  class space    used 505K, committed 640K, reserved 1048576K
}
Event: 2.737 GC heap before
{Heap before GC invocations=2 (full 0):
 garbage-first heap   total 131072K, used 59794K [0x0000000081800000, 0x0000000100000000)
  region size 1024K, 50 young (51200K), 2 survivors (2048K)
 Metaspace       used 8826K, committed 8960K, reserved 1056768K
  class space    used 1028K, committed 1088K, reserved 1048576K
}
Event: 2.743 GC heap after
{Heap after GC invocations=3 (full 0):
 garbage-first heap   total 131072K, used 13571K [0x0000000081800000, 0x0000000100000000)
  region size 1024K, 4 young (4096K), 4 survivors (4096K)
 Metaspace       used 8826K, committed 8960K, reserved 1056768K
  class space    used 1028K, committed 1088K, reserved 1048576K
}
Event: 3.705 GC heap before
{Heap before GC invocations=3 (full 0):
 garbage-first heap   total 131072K, used 87299K [0x0000000081800000, 0x0000000100000000)
  region size 1024K, 76 young (77824K), 4 survivors (4096K)
 Metaspace       used 13887K, committed 14080K, reserved 1064960K
  class space    used 1907K, committed 1984K, reserved 1048576K
}
Event: 3.715 GC heap after
{Heap after GC invocations=4 (full 0):
 garbage-first heap   total 131072K, used 21836K [0x0000000081800000, 0x0000000100000000)
  region size 1024K, 10 young (10240K), 10 survivors (10240K)
 Metaspace       used 13887K, committed 14080K, reserved 1064960K
  class space    used 1907K, committed 1984K, reserved 1048576K
}
Event: 4.495 GC heap before
{Heap before GC invocations=4 (full 0):
 garbage-first heap   total 131072K, used 86348K [0x0000000081800000, 0x0000000100000000)
  region size 1024K, 73 young (74752K), 10 survivors (10240K)
 Metaspace       used 18333K, committed 18560K, reserved 1064960K
  class space    used 2392K, committed 2496K, reserved 1048576K
}
Event: 4.508 GC heap after
{Heap after GC invocations=5 (full 0):
 garbage-first heap   total 131072K, used 25943K [0x0000000081800000, 0x0000000100000000)
  region size 1024K, 4 young (4096K), 4 survivors (4096K)
 Metaspace       used 18333K, committed 18560K, reserved 1064960K
  class space    used 2392K, committed 2496K, reserved 1048576K
}
Event: 4.996 GC heap before
{Heap before GC invocations=5 (full 0):
 garbage-first heap   total 131072K, used 65879K [0x0000000081800000, 0x0000000100000000)
  region size 1024K, 44 young (45056K), 4 survivors (4096K)
 Metaspace       used 21038K, committed 21248K, reserved 1073152K
  class space    used 2745K, committed 2880K, reserved 1048576K
}
Event: 5.005 GC heap after
{Heap after GC invocations=6 (full 0):
 garbage-first heap   total 131072K, used 27904K [0x0000000081800000, 0x0000000100000000)
  region size 1024K, 6 young (6144K), 6 survivors (6144K)
 Metaspace       used 21038K, committed 21248K, reserved 1073152K
  class space    used 2745K, committed 2880K, reserved 1048576K
}

