# JRE version: Java(TM) SE Runtime Environment (16.0.1+9) (build 16.0.1+9-24)
# Java VM: Java HotSpot(TM) 64-Bit Server VM (16.0.1+9-24, mixed mode, sharing, tiered, compressed oops, compressed class ptrs, g1 gc, windows-amd64)
GC Precious Log:
 CPUs: 8 total, 8 available
 Memory: 8089M
 Large Page Support: Disabled
 NUMA Support: Disabled
 Compressed Oops: Enabled (32-bit)
 Heap Region Size: 1M
 Heap Min Capacity: 8M
 Heap Initial Capacity: 128M
 Heap Max Capacity: 2024M
 Pre-touch: Disabled
 Parallel Workers: 8
 Concurrent Workers: 2
 Concurrent Refinement Workers: 8
 Periodic GC: Disabled
Heap:
 garbage-first heap   total 110592K, used 73396K [0x0000000081800000, 0x0000000100000000)
  region size 1024K, 44 young (45056K), 5 survivors (5120K)
 Metaspace       used 53891K, committed 54400K, reserved 1097728K
  class space    used 7517K, committed 7744K, reserved 1048576K
GC Heap History (20 events):
Event: 3.194 GC heap before
{Heap before GC invocations=4 (full 0):
 garbage-first heap   total 131072K, used 14930K [0x0000000081800000, 0x0000000100000000)
  region size 1024K, 8 young (8192K), 7 survivors (7168K)
 Metaspace       used 20910K, committed 21248K, reserved 1073152K
  class space    used 2836K, committed 3008K, reserved 1048576K
}
Event: 3.199 GC heap after
{Heap after GC invocations=5 (full 0):
 garbage-first heap   total 131072K, used 15006K [0x0000000081800000, 0x0000000100000000)
  region size 1024K, 3 young (3072K), 3 survivors (3072K)
 Metaspace       used 20910K, committed 21248K, reserved 1073152K
  class space    used 2836K, committed 3008K, reserved 1048576K
}
Event: 3.786 GC heap before
{Heap before GC invocations=6 (full 0):
 garbage-first heap   total 58368K, used 56990K [0x0000000081800000, 0x0000000100000000)
  region size 1024K, 44 young (45056K), 3 survivors (3072K)
 Metaspace       used 25748K, committed 26176K, reserved 1073152K
  class space    used 3562K, committed 3776K, reserved 1048576K
}
Event: 3.792 GC heap after
{Heap after GC invocations=7 (full 0):
 garbage-first heap   total 64512K, used 18458K [0x0000000081800000, 0x0000000100000000)
  region size 1024K, 6 young (6144K), 6 survivors (6144K)
 Metaspace       used 25748K, committed 26176K, reserved 1073152K
  class space    used 3562K, committed 3776K, reserved 1048576K
}
Event: 3.940 GC heap before
{Heap before GC invocations=7 (full 0):
 garbage-first heap   total 64512K, used 45082K [0x0000000081800000, 0x0000000100000000)
  region size 1024K, 33 young (33792K), 6 survivors (6144K)
 Metaspace       used 27318K, committed 27648K, reserved 1073152K
  class space    used 3757K, committed 3904K, reserved 1048576K
}
Event: 3.946 GC heap after
{Heap after GC invocations=8 (full 0):
 garbage-first heap   total 64512K, used 19904K [0x0000000081800000, 0x0000000100000000)
  region size 1024K, 2 young (2048K), 2 survivors (2048K)
 Metaspace       used 27318K, committed 27648K, reserved 1073152K
  class space    used 3757K, committed 3904K, reserved 1048576K
}
Event: 3.962 GC heap before
{Heap before GC invocations=8 (full 0):
 garbage-first heap   total 64512K, used 46528K [0x0000000081800000, 0x0000000100000000)
  region size 1024K, 29 young (29696K), 2 survivors (2048K)
 Metaspace       used 27318K, committed 27648K, reserved 1073152K
  class space    used 3757K, committed 3904K, reserved 1048576K
}
Event: 3.964 GC heap after
{Heap after GC invocations=9 (full 0):
 garbage-first heap   total 64512K, used 19617K [0x0000000081800000, 0x0000000100000000)
  region size 1024K, 2 young (2048K), 2 survivors (2048K)
 Metaspace       used 27318K, committed 27648K, reserved 1073152K
  class space    used 3757K, committed 3904K, reserved 1048576K
}
Event: 3.999 GC heap before
{Heap before GC invocations=9 (full 0):
 garbage-first heap   total 64512K, used 47265K [0x0000000081800000, 0x0000000100000000)
  region size 1024K, 30 young (30720K), 2 survivors (2048K)
 Metaspace       used 27737K, committed 28096K, reserved 1073152K
  class space    used 3793K, committed 3968K, reserved 1048576K
}
Event: 4.001 GC heap after
{Heap after GC invocations=10 (full 0):
 garbage-first heap   total 129024K, used 19780K [0x0000000081800000, 0x0000000100000000)
  region size 1024K, 2 young (2048K), 2 survivors (2048K)
 Metaspace       used 27737K, committed 28096K, reserved 1073152K
  class space    used 3793K, committed 3968K, reserved 1048576K
}
Event: 4.607 GC heap before
{Heap before GC invocations=10 (full 0):
 garbage-first heap   total 129024K, used 82244K [0x0000000081800000, 0x0000000100000000)
  region size 1024K, 65 young (66560K), 2 survivors (2048K)
 Metaspace       used 35124K, committed 35520K, reserved 1081344K
  class space    used 4849K, committed 5056K, reserved 1048576K
}
Event: 4.613 GC heap after
{Heap after GC invocations=11 (full 0):
 garbage-first heap   total 129024K, used 23951K [0x0000000081800000, 0x0000000100000000)
  region size 1024K, 6 young (6144K), 6 survivors (6144K)
 Metaspace       used 35124K, committed 35520K, reserved 1081344K
  class space    used 4849K, committed 5056K, reserved 1048576K
}
Event: 5.312 GC heap before
{Heap before GC invocations=12 (full 0):
 garbage-first heap   total 89088K, used 71055K [0x0000000081800000, 0x0000000100000000)
  region size 1024K, 52 young (53248K), 6 survivors (6144K)
 Metaspace       used 44037K, committed 44480K, reserved 1089536K
  class space    used 6145K, committed 6336K, reserved 1048576K
}
Event: 5.318 GC heap after
{Heap after GC invocations=13 (full 0):
 garbage-first heap   total 89088K, used 26403K [0x0000000081800000, 0x0000000100000000)
  region size 1024K, 3 young (3072K), 3 survivors (3072K)
 Metaspace       used 44037K, committed 44480K, reserved 1089536K
  class space    used 6145K, committed 6336K, reserved 1048576K
}
Event: 5.740 GC heap before
{Heap before GC invocations=13 (full 0):
 garbage-first heap   total 89088K, used 69411K [0x0000000081800000, 0x0000000100000000)
  region size 1024K, 45 young (46080K), 3 survivors (3072K)
 Metaspace       used 48016K, committed 48448K, reserved 1097728K
  class space    used 6717K, committed 6912K, reserved 1048576K
}
Event: 5.747 GC heap after
{Heap after GC invocations=14 (full 0):
 garbage-first heap   total 89088K, used 30076K [0x0000000081800000, 0x0000000100000000)
  region size 1024K, 6 young (6144K), 6 survivors (6144K)
 Metaspace       used 48016K, committed 48448K, reserved 1097728K
  class space    used 6717K, committed 6912K, reserved 1048576K
}
Event: 6.011 GC heap before
{Heap before GC invocations=14 (full 0):
 garbage-first heap   total 89088K, used 68988K [0x0000000081800000, 0x0000000100000000)
  region size 1024K, 44 young (45056K), 6 survivors (6144K)
 Metaspace       used 50250K, committed 50752K, reserved 1097728K
  class space    used 6989K, committed 7232K, reserved 1048576K
}
Event: 6.017 GC heap after
{Heap after GC invocations=15 (full 0):
 garbage-first heap   total 89088K, used 31930K [0x0000000081800000, 0x0000000100000000)
  region size 1024K, 2 young (2048K), 2 survivors (2048K)
 Metaspace       used 50250K, committed 50752K, reserved 1097728K
  class space    used 6989K, committed 7232K, reserved 1048576K
}
Event: 6.280 GC heap before
{Heap before GC invocations=15 (full 0):
 garbage-first heap   total 89088K, used 69818K [0x0000000081800000, 0x0000000100000000)
  region size 1024K, 39 young (39936K), 2 survivors (2048K)
 Metaspace       used 51547K, committed 51968K, reserved 1097728K
  class space    used 7202K, committed 7424K, reserved 1048576K
}
Event: 6.284 GC heap after
{Heap after GC invocations=16 (full 0):
 garbage-first heap   total 110592K, used 34484K [0x0000000081800000, 0x0000000100000000)
  region size 1024K, 5 young (5120K), 5 survivors (5120K)
 Metaspace       used 51547K, committed 51968K, reserved 1097728K
  class space    used 7202K, committed 7424K, reserved 1048576K
}

