# JRE version: Java(TM) SE Runtime Environment (16.0.1+9) (build 16.0.1+9-24)
# Java VM: Java HotSpot(TM) 64-Bit Server VM (16.0.1+9-24, mixed mode, sharing, tiered, compressed oops, compressed class ptrs, g1 gc, windows-amd64)
GC Precious Log:
 CPUs: 8 total, 8 available
 Memory: 8089M
 Large Page Support: Disabled
 NUMA Support: Disabled
 Compressed Oops: Enabled (32-bit)
 Heap Region Size: 1M
 Heap Min Capacity: 8M
 Heap Initial Capacity: 128M
 Heap Max Capacity: 2024M
 Pre-touch: Disabled
 Parallel Workers: 8
 Concurrent Workers: 2
 Concurrent Refinement Workers: 8
 Periodic GC: Disabled
Heap:
 garbage-first heap   total 130048K, used 50388K [0x0000000081800000, 0x0000000100000000)
  region size 1024K, 5 young (5120K), 2 survivors (2048K)
 Metaspace       used 66417K, committed 67136K, reserved 1114112K
  class space    used 9192K, committed 9536K, reserved 1048576K
GC Heap History (20 events):
Event: 3269.797 GC heap after
{Heap after GC invocations=38 (full 2):
 garbage-first heap   total 130048K, used 46436K [0x0000000081800000, 0x0000000100000000)
  region size 1024K, 3 young (3072K), 3 survivors (3072K)
 Metaspace       used 66148K, committed 66944K, reserved 1114112K
  class space    used 9145K, committed 9536K, reserved 1048576K
}
Event: 3635.068 GC heap before
{Heap before GC invocations=38 (full 2):
 garbage-first heap   total 130048K, used 109924K [0x0000000081800000, 0x0000000100000000)
  region size 1024K, 65 young (66560K), 3 survivors (3072K)
 Metaspace       used 66149K, committed 66944K, reserved 1114112K
  class space    used 9145K, committed 9536K, reserved 1048576K
}
Event: 3635.074 GC heap after
{Heap after GC invocations=39 (full 2):
 garbage-first heap   total 130048K, used 47050K [0x0000000081800000, 0x0000000100000000)
  region size 1024K, 3 young (3072K), 3 survivors (3072K)
 Metaspace       used 66149K, committed 66944K, reserved 1114112K
  class space    used 9145K, committed 9536K, reserved 1048576K
}
Event: 3951.492 GC heap before
{Heap before GC invocations=39 (full 2):
 garbage-first heap   total 130048K, used 110538K [0x0000000081800000, 0x0000000100000000)
  region size 1024K, 65 young (66560K), 3 survivors (3072K)
 Metaspace       used 66149K, committed 66944K, reserved 1114112K
  class space    used 9145K, committed 9536K, reserved 1048576K
}
Event: 3951.496 GC heap after
{Heap after GC invocations=40 (full 2):
 garbage-first heap   total 130048K, used 47050K [0x0000000081800000, 0x0000000100000000)
  region size 1024K, 3 young (3072K), 3 survivors (3072K)
 Metaspace       used 66149K, committed 66944K, reserved 1114112K
  class space    used 9145K, committed 9536K, reserved 1048576K
}
Event: 4033.914 GC heap before
{Heap before GC invocations=40 (full 2):
 garbage-first heap   total 130048K, used 110538K [0x0000000081800000, 0x0000000100000000)
  region size 1024K, 65 young (66560K), 3 survivors (3072K)
 Metaspace       used 66210K, committed 67008K, reserved 1114112K
  class space    used 9153K, committed 9536K, reserved 1048576K
}
Event: 4033.923 GC heap after
{Heap after GC invocations=41 (full 2):
 garbage-first heap   total 130048K, used 47238K [0x0000000081800000, 0x0000000100000000)
  region size 1024K, 4 young (4096K), 4 survivors (4096K)
 Metaspace       used 66210K, committed 67008K, reserved 1114112K
  class space    used 9153K, committed 9536K, reserved 1048576K
}
Event: 4186.033 GC heap before
{Heap before GC invocations=41 (full 2):
 garbage-first heap   total 130048K, used 108678K [0x0000000081800000, 0x0000000100000000)
  region size 1024K, 64 young (65536K), 4 survivors (4096K)
 Metaspace       used 66261K, committed 67008K, reserved 1114112K
  class space    used 9164K, committed 9536K, reserved 1048576K
}
Event: 4186.040 GC heap after
{Heap after GC invocations=42 (full 2):
 garbage-first heap   total 130048K, used 47437K [0x0000000081800000, 0x0000000100000000)
  region size 1024K, 4 young (4096K), 4 survivors (4096K)
 Metaspace       used 66261K, committed 67008K, reserved 1114112K
  class space    used 9164K, committed 9536K, reserved 1048576K
}
Event: 4466.522 GC heap before
{Heap before GC invocations=42 (full 2):
 garbage-first heap   total 130048K, used 108877K [0x0000000081800000, 0x0000000100000000)
  region size 1024K, 64 young (65536K), 4 survivors (4096K)
 Metaspace       used 66269K, committed 67008K, reserved 1114112K
  class space    used 9166K, committed 9536K, reserved 1048576K
}
Event: 4466.526 GC heap after
{Heap after GC invocations=43 (full 2):
 garbage-first heap   total 130048K, used 47469K [0x0000000081800000, 0x0000000100000000)
  region size 1024K, 4 young (4096K), 4 survivors (4096K)
 Metaspace       used 66269K, committed 67008K, reserved 1114112K
  class space    used 9166K, committed 9536K, reserved 1048576K
}
Event: 4646.486 GC heap before
{Heap before GC invocations=43 (full 2):
 garbage-first heap   total 130048K, used 107885K [0x0000000081800000, 0x0000000100000000)
  region size 1024K, 64 young (65536K), 4 survivors (4096K)
 Metaspace       used 66272K, committed 67008K, reserved 1114112K
  class space    used 9167K, committed 9536K, reserved 1048576K
}
Event: 4646.489 GC heap after
{Heap after GC invocations=44 (full 2):
 garbage-first heap   total 130048K, used 47326K [0x0000000081800000, 0x0000000100000000)
  region size 1024K, 4 young (4096K), 4 survivors (4096K)
 Metaspace       used 66272K, committed 67008K, reserved 1114112K
  class space    used 9167K, committed 9536K, reserved 1048576K
}
Event: 4792.077 GC heap before
{Heap before GC invocations=44 (full 2):
 garbage-first heap   total 130048K, used 108766K [0x0000000081800000, 0x0000000100000000)
  region size 1024K, 64 young (65536K), 4 survivors (4096K)
 Metaspace       used 66274K, committed 67008K, reserved 1114112K
  class space    used 9168K, committed 9536K, reserved 1048576K
}
Event: 4792.086 GC heap after
{Heap after GC invocations=45 (full 2):
 garbage-first heap   total 130048K, used 47387K [0x0000000081800000, 0x0000000100000000)
  region size 1024K, 4 young (4096K), 4 survivors (4096K)
 Metaspace       used 66274K, committed 67008K, reserved 1114112K
  class space    used 9168K, committed 9536K, reserved 1048576K
}
Event: 4940.071 GC heap before
{Heap before GC invocations=45 (full 2):
 garbage-first heap   total 130048K, used 108827K [0x0000000081800000, 0x0000000100000000)
  region size 1024K, 64 young (65536K), 4 survivors (4096K)
 Metaspace       used 66294K, committed 67072K, reserved 1114112K
  class space    used 9169K, committed 9536K, reserved 1048576K
}
Event: 4940.076 GC heap after
{Heap after GC invocations=46 (full 2):
 garbage-first heap   total 130048K, used 47520K [0x0000000081800000, 0x0000000100000000)
  region size 1024K, 4 young (4096K), 4 survivors (4096K)
 Metaspace       used 66294K, committed 67072K, reserved 1114112K
  class space    used 9169K, committed 9536K, reserved 1048576K
}
Event: 5096.653 GC heap before
{Heap before GC invocations=46 (full 2):
 garbage-first heap   total 130048K, used 107936K [0x0000000081800000, 0x0000000100000000)
  region size 1024K, 64 young (65536K), 4 survivors (4096K)
 Metaspace       used 66415K, committed 67136K, reserved 1114112K
  class space    used 9192K, committed 9536K, reserved 1048576K
}
Event: 5096.658 GC heap after
{Heap after GC invocations=47 (full 2):
 garbage-first heap   total 130048K, used 47589K [0x0000000081800000, 0x0000000100000000)
  region size 1024K, 2 young (2048K), 2 survivors (2048K)
 Metaspace       used 66415K, committed 67136K, reserved 1114112K
  class space    used 9192K, committed 9536K, reserved 1048576K
}
Event: 5099.025 GC heap before
{Heap before GC invocations=47 (full 2):
 garbage-first heap   total 130048K, used 49637K [0x0000000081800000, 0x0000000100000000)
  region size 1024K, 5 young (5120K), 2 survivors (2048K)
 Metaspace       used 66417K, committed 67136K, reserved 1114112K
  class space    used 9192K, committed 9536K, reserved 1048576K
}

