# JRE version: Java(TM) SE Runtime Environment (16.0.1+9) (build 16.0.1+9-24)
# Java VM: Java HotSpot(TM) 64-Bit Server VM (16.0.1+9-24, mixed mode, sharing, tiered, compressed oops, compressed class ptrs, g1 gc, windows-amd64)
GC Precious Log:
 CPUs: 8 total, 8 available
 Memory: 8089M
 Large Page Support: Disabled
 NUMA Support: Disabled
 Compressed Oops: Enabled (32-bit)
 Heap Region Size: 1M
 Heap Min Capacity: 8M
 Heap Initial Capacity: 128M
 Heap Max Capacity: 2024M
 Pre-touch: Disabled
 Parallel Workers: 8
 Concurrent Workers: 2
 Concurrent Refinement Workers: 8
 Periodic GC: Disabled
Heap:
 garbage-first heap   total 132096K, used 66748K [0x0000000081800000, 0x0000000100000000)
  region size 1024K, 24 young (24576K), 6 survivors (6144K)
 Metaspace       used 67730K, committed 68480K, reserved 1114112K
  class space    used 9311K, committed 9664K, reserved 1048576K
GC Heap History (20 events):
Event: 174.204 GC heap after
{Heap after GC invocations=31 (full 3):
 garbage-first heap   total 132096K, used 48268K [0x0000000081800000, 0x0000000100000000)
  region size 1024K, 7 young (7168K), 7 survivors (7168K)
 Metaspace       used 65805K, committed 66432K, reserved 1105920K
  class space    used 9102K, committed 9408K, reserved 1048576K
}
Event: 212.432 GC heap before
{Heap before GC invocations=31 (full 3):
 garbage-first heap   total 132096K, used 71820K [0x0000000081800000, 0x0000000100000000)
  region size 1024K, 31 young (31744K), 7 survivors (7168K)
 Metaspace       used 65818K, committed 66432K, reserved 1105920K
  class space    used 9104K, committed 9408K, reserved 1048576K
}
Event: 212.507 GC heap after
{Heap after GC invocations=32 (full 4):
 garbage-first heap   total 132096K, used 39523K [0x0000000081800000, 0x0000000100000000)
  region size 1024K, 0 young (0K), 0 survivors (0K)
 Metaspace       used 65811K, committed 66432K, reserved 1105920K
  class space    used 9103K, committed 9408K, reserved 1048576K
}
Event: 213.088 GC heap before
{Heap before GC invocations=32 (full 4):
 garbage-first heap   total 132096K, used 104035K [0x0000000081800000, 0x0000000100000000)
  region size 1024K, 64 young (65536K), 0 survivors (0K)
 Metaspace       used 66065K, committed 66688K, reserved 1114112K
  class space    used 9139K, committed 9472K, reserved 1048576K
}
Event: 213.092 GC heap after
{Heap after GC invocations=33 (full 4):
 garbage-first heap   total 132096K, used 43331K [0x0000000081800000, 0x0000000100000000)
  region size 1024K, 4 young (4096K), 4 survivors (4096K)
 Metaspace       used 66065K, committed 66688K, reserved 1114112K
  class space    used 9139K, committed 9472K, reserved 1048576K
}
Event: 213.541 GC heap before
{Heap before GC invocations=33 (full 4):
 garbage-first heap   total 132096K, used 104771K [0x0000000081800000, 0x0000000100000000)
  region size 1024K, 65 young (66560K), 4 survivors (4096K)
 Metaspace       used 66307K, committed 66944K, reserved 1114112K
  class space    used 9158K, committed 9472K, reserved 1048576K
}
Event: 213.545 GC heap after
{Heap after GC invocations=34 (full 4):
 garbage-first heap   total 132096K, used 45761K [0x0000000081800000, 0x0000000100000000)
  region size 1024K, 7 young (7168K), 7 survivors (7168K)
 Metaspace       used 66307K, committed 66944K, reserved 1114112K
  class space    used 9158K, committed 9472K, reserved 1048576K
}
Event: 213.846 GC heap before
{Heap before GC invocations=34 (full 4):
 garbage-first heap   total 132096K, used 105153K [0x0000000081800000, 0x0000000100000000)
  region size 1024K, 65 young (66560K), 7 survivors (7168K)
 Metaspace       used 66629K, committed 67264K, reserved 1114112K
  class space    used 9185K, committed 9536K, reserved 1048576K
}
Event: 213.851 GC heap after
{Heap after GC invocations=35 (full 4):
 garbage-first heap   total 132096K, used 48466K [0x0000000081800000, 0x0000000100000000)
  region size 1024K, 6 young (6144K), 6 survivors (6144K)
 Metaspace       used 66629K, committed 67264K, reserved 1114112K
  class space    used 9185K, committed 9536K, reserved 1048576K
}
Event: 431.593 GC heap before
{Heap before GC invocations=35 (full 4):
 garbage-first heap   total 132096K, used 106834K [0x0000000081800000, 0x0000000100000000)
  region size 1024K, 63 young (64512K), 6 survivors (6144K)
 Metaspace       used 66823K, committed 67520K, reserved 1114112K
  class space    used 9211K, committed 9536K, reserved 1048576K
}
Event: 431.598 GC heap after
{Heap after GC invocations=36 (full 4):
 garbage-first heap   total 132096K, used 50247K [0x0000000081800000, 0x0000000100000000)
  region size 1024K, 5 young (5120K), 5 survivors (5120K)
 Metaspace       used 66823K, committed 67520K, reserved 1114112K
  class space    used 9211K, committed 9536K, reserved 1048576K
}
Event: 640.557 GC heap before
{Heap before GC invocations=36 (full 4):
 garbage-first heap   total 132096K, used 91207K [0x0000000081800000, 0x0000000100000000)
  region size 1024K, 46 young (47104K), 5 survivors (5120K)
 Metaspace       used 66825K, committed 67520K, reserved 1114112K
  class space    used 9212K, committed 9536K, reserved 1048576K
}
Event: 640.621 GC heap after
{Heap after GC invocations=37 (full 5):
 garbage-first heap   total 132096K, used 40090K [0x0000000081800000, 0x0000000100000000)
  region size 1024K, 0 young (0K), 0 survivors (0K)
 Metaspace       used 66819K, committed 67520K, reserved 1114112K
  class space    used 9211K, committed 9536K, reserved 1048576K
}
Event: 641.254 GC heap before
{Heap before GC invocations=37 (full 5):
 garbage-first heap   total 132096K, used 103578K [0x0000000081800000, 0x0000000100000000)
  region size 1024K, 63 young (64512K), 0 survivors (0K)
 Metaspace       used 67119K, committed 67840K, reserved 1114112K
  class space    used 9256K, committed 9600K, reserved 1048576K
}
Event: 641.257 GC heap after
{Heap after GC invocations=38 (full 5):
 garbage-first heap   total 132096K, used 43801K [0x0000000081800000, 0x0000000100000000)
  region size 1024K, 4 young (4096K), 4 survivors (4096K)
 Metaspace       used 67119K, committed 67840K, reserved 1114112K
  class space    used 9256K, committed 9600K, reserved 1048576K
}
Event: 642.063 GC heap before
{Heap before GC invocations=38 (full 5):
 garbage-first heap   total 132096K, used 104217K [0x0000000081800000, 0x0000000100000000)
  region size 1024K, 64 young (65536K), 4 survivors (4096K)
 Metaspace       used 67375K, committed 68096K, reserved 1114112K
  class space    used 9277K, committed 9600K, reserved 1048576K
}
Event: 642.068 GC heap after
{Heap after GC invocations=39 (full 5):
 garbage-first heap   total 132096K, used 46324K [0x0000000081800000, 0x0000000100000000)
  region size 1024K, 7 young (7168K), 7 survivors (7168K)
 Metaspace       used 67375K, committed 68096K, reserved 1114112K
  class space    used 9277K, committed 9600K, reserved 1048576K
}
Event: 642.550 GC heap before
{Heap before GC invocations=39 (full 5):
 garbage-first heap   total 132096K, used 104692K [0x0000000081800000, 0x0000000100000000)
  region size 1024K, 64 young (65536K), 7 survivors (7168K)
 Metaspace       used 67718K, committed 68480K, reserved 1114112K
  class space    used 9308K, committed 9664K, reserved 1048576K
}
Event: 642.555 GC heap after
{Heap after GC invocations=40 (full 5):
 garbage-first heap   total 132096K, used 48680K [0x0000000081800000, 0x0000000100000000)
  region size 1024K, 6 young (6144K), 6 survivors (6144K)
 Metaspace       used 67718K, committed 68480K, reserved 1114112K
  class space    used 9308K, committed 9664K, reserved 1048576K
}
Event: 644.148 GC heap before
{Heap before GC invocations=40 (full 5):
 garbage-first heap   total 132096K, used 66088K [0x0000000081800000, 0x0000000100000000)
  region size 1024K, 24 young (24576K), 6 survivors (6144K)
 Metaspace       used 67730K, committed 68480K, reserved 1114112K
  class space    used 9311K, committed 9664K, reserved 1048576K
}

