# JRE version: Java(TM) SE Runtime Environment (16.0.1+9) (build 16.0.1+9-24)
# Java VM: Java HotSpot(TM) 64-Bit Server VM (16.0.1+9-24, mixed mode, sharing, tiered, compressed oops, compressed class ptrs, g1 gc, windows-amd64)
GC Precious Log:
 CPUs: 8 total, 8 available
 Memory: 8089M
 Large Page Support: Disabled
 NUMA Support: Disabled
 Compressed Oops: Enabled (32-bit)
 Heap Region Size: 1M
 Heap Min Capacity: 8M
 Heap Initial Capacity: 128M
 Heap Max Capacity: 2024M
 Pre-touch: Disabled
 Parallel Workers: 8
 Concurrent Workers: 2
 Concurrent Refinement Workers: 8
 Periodic GC: Disabled
Heap:
 garbage-first heap   total 135168K, used 63142K [0x0000000081800000, 0x0000000100000000)
  region size 1024K, 20 young (20480K), 4 survivors (4096K)
 Metaspace       used 66164K, committed 66944K, reserved 1114112K
  class space    used 9054K, committed 9472K, reserved 1048576K
GC Heap History (20 events):
Event: 1728.901 GC heap after
{Heap after GC invocations=48 (full 4):
 garbage-first heap   total 112640K, used 46632K [0x0000000081800000, 0x0000000100000000)
  region size 1024K, 3 young (3072K), 3 survivors (3072K)
 Metaspace       used 64697K, committed 65472K, reserved 1105920K
  class space    used 8882K, committed 9280K, reserved 1048576K
}
Event: 1822.650 GC heap before
{Heap before GC invocations=48 (full 4):
 garbage-first heap   total 112640K, used 91688K [0x0000000081800000, 0x0000000100000000)
  region size 1024K, 47 young (48128K), 3 survivors (3072K)
 Metaspace       used 64697K, committed 65472K, reserved 1105920K
  class space    used 8882K, committed 9280K, reserved 1048576K
}
Event: 1822.654 GC heap after
{Heap after GC invocations=49 (full 4):
 garbage-first heap   total 112640K, used 46632K [0x0000000081800000, 0x0000000100000000)
  region size 1024K, 3 young (3072K), 3 survivors (3072K)
 Metaspace       used 64697K, committed 65472K, reserved 1105920K
  class space    used 8882K, committed 9280K, reserved 1048576K
}
Event: 1919.263 GC heap before
{Heap before GC invocations=49 (full 4):
 garbage-first heap   total 112640K, used 92712K [0x0000000081800000, 0x0000000100000000)
  region size 1024K, 48 young (49152K), 3 survivors (3072K)
 Metaspace       used 64697K, committed 65472K, reserved 1105920K
  class space    used 8882K, committed 9280K, reserved 1048576K
}
Event: 1919.269 GC heap after
{Heap after GC invocations=50 (full 4):
 garbage-first heap   total 112640K, used 46568K [0x0000000081800000, 0x0000000100000000)
  region size 1024K, 3 young (3072K), 3 survivors (3072K)
 Metaspace       used 64697K, committed 65472K, reserved 1105920K
  class space    used 8882K, committed 9280K, reserved 1048576K
}
Event: 1994.759 GC heap before
{Heap before GC invocations=50 (full 4):
 garbage-first heap   total 112640K, used 84456K [0x0000000081800000, 0x0000000100000000)
  region size 1024K, 41 young (41984K), 3 survivors (3072K)
 Metaspace       used 64700K, committed 65472K, reserved 1105920K
  class space    used 8882K, committed 9280K, reserved 1048576K
}
Event: 1994.820 GC heap after
{Heap after GC invocations=51 (full 5):
 garbage-first heap   total 112640K, used 37221K [0x0000000081800000, 0x0000000100000000)
  region size 1024K, 0 young (0K), 0 survivors (0K)
 Metaspace       used 64698K, committed 65472K, reserved 1105920K
  class space    used 8882K, committed 9280K, reserved 1048576K
}
Event: 1995.291 GC heap before
{Heap before GC invocations=51 (full 5):
 garbage-first heap   total 112640K, used 91493K [0x0000000081800000, 0x0000000100000000)
  region size 1024K, 54 young (55296K), 0 survivors (0K)
 Metaspace       used 64907K, committed 65664K, reserved 1105920K
  class space    used 8913K, committed 9280K, reserved 1048576K
}
Event: 1995.294 GC heap after
{Heap after GC invocations=52 (full 5):
 garbage-first heap   total 112640K, used 40293K [0x0000000081800000, 0x0000000100000000)
  region size 1024K, 3 young (3072K), 3 survivors (3072K)
 Metaspace       used 64907K, committed 65664K, reserved 1105920K
  class space    used 8913K, committed 9280K, reserved 1048576K
}
Event: 1995.715 GC heap before
{Heap before GC invocations=52 (full 5):
 garbage-first heap   total 112640K, used 90469K [0x0000000081800000, 0x0000000100000000)
  region size 1024K, 53 young (54272K), 3 survivors (3072K)
 Metaspace       used 65114K, committed 65856K, reserved 1114112K
  class space    used 8932K, committed 9344K, reserved 1048576K
}
Event: 1995.719 GC heap after
{Heap after GC invocations=53 (full 5):
 garbage-first heap   total 112640K, used 42309K [0x0000000081800000, 0x0000000100000000)
  region size 1024K, 5 young (5120K), 5 survivors (5120K)
 Metaspace       used 65114K, committed 65856K, reserved 1114112K
  class space    used 8932K, committed 9344K, reserved 1048576K
}
Event: 1996.108 GC heap before
{Heap before GC invocations=53 (full 5):
 garbage-first heap   total 112640K, used 91461K [0x0000000081800000, 0x0000000100000000)
  region size 1024K, 53 young (54272K), 5 survivors (5120K)
 Metaspace       used 65429K, committed 66176K, reserved 1114112K
  class space    used 8955K, committed 9344K, reserved 1048576K
}
Event: 1996.112 GC heap after
{Heap after GC invocations=54 (full 5):
 garbage-first heap   total 112640K, used 44068K [0x0000000081800000, 0x0000000100000000)
  region size 1024K, 5 young (5120K), 5 survivors (5120K)
 Metaspace       used 65429K, committed 66176K, reserved 1114112K
  class space    used 8955K, committed 9344K, reserved 1048576K
}
Event: 2034.347 GC heap before
{Heap before GC invocations=54 (full 5):
 garbage-first heap   total 112640K, used 90148K [0x0000000081800000, 0x0000000100000000)
  region size 1024K, 50 young (51200K), 5 survivors (5120K)
 Metaspace       used 66157K, committed 66944K, reserved 1114112K
  class space    used 9053K, committed 9472K, reserved 1048576K
}
Event: 2034.351 GC heap after
{Heap after GC invocations=55 (full 5):
 garbage-first heap   total 135168K, used 46615K [0x0000000081800000, 0x0000000100000000)
  region size 1024K, 5 young (5120K), 5 survivors (5120K)
 Metaspace       used 66157K, committed 66944K, reserved 1114112K
  class space    used 9053K, committed 9472K, reserved 1048576K
}
Event: 2157.009 GC heap before
{Heap before GC invocations=55 (full 5):
 garbage-first heap   total 135168K, used 106007K [0x0000000081800000, 0x0000000100000000)
  region size 1024K, 63 young (64512K), 5 survivors (5120K)
 Metaspace       used 66157K, committed 66944K, reserved 1114112K
  class space    used 9053K, committed 9472K, reserved 1048576K
}
Event: 2157.012 GC heap after
{Heap after GC invocations=56 (full 5):
 garbage-first heap   total 135168K, used 47084K [0x0000000081800000, 0x0000000100000000)
  region size 1024K, 4 young (4096K), 4 survivors (4096K)
 Metaspace       used 66157K, committed 66944K, reserved 1114112K
  class space    used 9053K, committed 9472K, reserved 1048576K
}
Event: 2283.093 GC heap before
{Heap before GC invocations=56 (full 5):
 garbage-first heap   total 135168K, used 107500K [0x0000000081800000, 0x0000000100000000)
  region size 1024K, 63 young (64512K), 4 survivors (4096K)
 Metaspace       used 66157K, committed 66944K, reserved 1114112K
  class space    used 9053K, committed 9472K, reserved 1048576K
}
Event: 2283.096 GC heap after
{Heap after GC invocations=57 (full 5):
 garbage-first heap   total 135168K, used 46900K [0x0000000081800000, 0x0000000100000000)
  region size 1024K, 4 young (4096K), 4 survivors (4096K)
 Metaspace       used 66157K, committed 66944K, reserved 1114112K
  class space    used 9053K, committed 9472K, reserved 1048576K
}
Event: 2311.389 GC heap before
{Heap before GC invocations=57 (full 5):
 garbage-first heap   total 135168K, used 62260K [0x0000000081800000, 0x0000000100000000)
  region size 1024K, 20 young (20480K), 4 survivors (4096K)
 Metaspace       used 66164K, committed 66944K, reserved 1114112K
  class space    used 9054K, committed 9472K, reserved 1048576K
}

