# JRE version: Java(TM) SE Runtime Environment (16.0.1+9) (build 16.0.1+9-24)
# Java VM: Java HotSpot(TM) 64-Bit Server VM (16.0.1+9-24, mixed mode, sharing, tiered, compressed oops, compressed class ptrs, g1 gc, windows-amd64)
GC Precious Log:
 CPUs: 8 total, 8 available
 Memory: 8089M
 Large Page Support: Disabled
 NUMA Support: Disabled
 Compressed Oops: Enabled (32-bit)
 Heap Region Size: 1M
 Heap Min Capacity: 8M
 Heap Initial Capacity: 128M
 Heap Max Capacity: 2024M
 Pre-touch: Disabled
 Parallel Workers: 8
 Concurrent Workers: 2
 Concurrent Refinement Workers: 8
 Periodic GC: Disabled
Heap:
 garbage-first heap   total 227328K, used 90400K [0x0000000081800000, 0x0000000100000000)
  region size 1024K, 13 young (13312K), 1 survivors (1024K)
 Metaspace       used 79057K, committed 86592K, reserved 1138688K
  class space    used 10776K, committed 13248K, reserved 1048576K
GC Heap History (20 events):
Event: 336537.606 GC heap before
{Heap before GC invocations=1053 (full 30):
 garbage-first heap   total 227328K, used 198834K [0x0000000081800000, 0x0000000100000000)
  region size 1024K, 118 young (120832K), 1 survivors (1024K)
 Metaspace       used 79057K, committed 86592K, reserved 1138688K
  class space    used 10776K, committed 13248K, reserved 1048576K
}
Event: 336537.611 GC heap after
{Heap after GC invocations=1054 (full 30):
 garbage-first heap   total 227328K, used 79646K [0x0000000081800000, 0x0000000100000000)
  region size 1024K, 2 young (2048K), 2 survivors (2048K)
 Metaspace       used 79057K, committed 86592K, reserved 1138688K
  class space    used 10776K, committed 13248K, reserved 1048576K
}
Event: 336565.161 GC heap before
{Heap before GC invocations=1054 (full 30):
 garbage-first heap   total 227328K, used 198430K [0x0000000081800000, 0x0000000100000000)
  region size 1024K, 118 young (120832K), 2 survivors (2048K)
 Metaspace       used 79057K, committed 86592K, reserved 1138688K
  class space    used 10776K, committed 13248K, reserved 1048576K
}
Event: 336565.165 GC heap after
{Heap after GC invocations=1055 (full 30):
 garbage-first heap   total 227328K, used 79542K [0x0000000081800000, 0x0000000100000000)
  region size 1024K, 1 young (1024K), 1 survivors (1024K)
 Metaspace       used 79057K, committed 86592K, reserved 1138688K
  class space    used 10776K, committed 13248K, reserved 1048576K
}
Event: 336592.405 GC heap before
{Heap before GC invocations=1056 (full 30):
 garbage-first heap   total 227328K, used 199350K [0x0000000081800000, 0x0000000100000000)
  region size 1024K, 118 young (120832K), 1 survivors (1024K)
 Metaspace       used 79057K, committed 86592K, reserved 1138688K
  class space    used 10776K, committed 13248K, reserved 1048576K
}
Event: 336592.408 GC heap after
{Heap after GC invocations=1057 (full 30):
 garbage-first heap   total 227328K, used 78907K [0x0000000081800000, 0x0000000100000000)
  region size 1024K, 1 young (1024K), 1 survivors (1024K)
 Metaspace       used 79057K, committed 86592K, reserved 1138688K
  class space    used 10776K, committed 13248K, reserved 1048576K
}
Event: 336619.531 GC heap before
{Heap before GC invocations=1057 (full 30):
 garbage-first heap   total 227328K, used 198715K [0x0000000081800000, 0x0000000100000000)
  region size 1024K, 118 young (120832K), 1 survivors (1024K)
 Metaspace       used 79057K, committed 86592K, reserved 1138688K
  class space    used 10776K, committed 13248K, reserved 1048576K
}
Event: 336619.533 GC heap after
{Heap after GC invocations=1058 (full 30):
 garbage-first heap   total 227328K, used 79030K [0x0000000081800000, 0x0000000100000000)
  region size 1024K, 1 young (1024K), 1 survivors (1024K)
 Metaspace       used 79057K, committed 86592K, reserved 1138688K
  class space    used 10776K, committed 13248K, reserved 1048576K
}
Event: 336646.739 GC heap before
{Heap before GC invocations=1059 (full 30):
 garbage-first heap   total 227328K, used 198838K [0x0000000081800000, 0x0000000100000000)
  region size 1024K, 118 young (120832K), 1 survivors (1024K)
 Metaspace       used 79057K, committed 86592K, reserved 1138688K
  class space    used 10776K, committed 13248K, reserved 1048576K
}
Event: 336646.741 GC heap after
{Heap after GC invocations=1060 (full 30):
 garbage-first heap   total 227328K, used 79199K [0x0000000081800000, 0x0000000100000000)
  region size 1024K, 1 young (1024K), 1 survivors (1024K)
 Metaspace       used 79057K, committed 86592K, reserved 1138688K
  class space    used 10776K, committed 13248K, reserved 1048576K
}
Event: 336673.766 GC heap before
{Heap before GC invocations=1060 (full 30):
 garbage-first heap   total 227328K, used 199007K [0x0000000081800000, 0x0000000100000000)
  region size 1024K, 118 young (120832K), 1 survivors (1024K)
 Metaspace       used 79057K, committed 86592K, reserved 1138688K
  class space    used 10776K, committed 13248K, reserved 1048576K
}
Event: 336673.769 GC heap after
{Heap after GC invocations=1061 (full 30):
 garbage-first heap   total 227328K, used 79041K [0x0000000081800000, 0x0000000100000000)
  region size 1024K, 1 young (1024K), 1 survivors (1024K)
 Metaspace       used 79057K, committed 86592K, reserved 1138688K
  class space    used 10776K, committed 13248K, reserved 1048576K
}
Event: 336701.213 GC heap before
{Heap before GC invocations=1062 (full 30):
 garbage-first heap   total 227328K, used 198849K [0x0000000081800000, 0x0000000100000000)
  region size 1024K, 118 young (120832K), 1 survivors (1024K)
 Metaspace       used 79057K, committed 86592K, reserved 1138688K
  class space    used 10776K, committed 13248K, reserved 1048576K
}
Event: 336701.216 GC heap after
{Heap after GC invocations=1063 (full 30):
 garbage-first heap   total 227328K, used 78962K [0x0000000081800000, 0x0000000100000000)
  region size 1024K, 1 young (1024K), 1 survivors (1024K)
 Metaspace       used 79057K, committed 86592K, reserved 1138688K
  class space    used 10776K, committed 13248K, reserved 1048576K
}
Event: 336728.284 GC heap before
{Heap before GC invocations=1063 (full 30):
 garbage-first heap   total 227328K, used 198770K [0x0000000081800000, 0x0000000100000000)
  region size 1024K, 118 young (120832K), 1 survivors (1024K)
 Metaspace       used 79057K, committed 86592K, reserved 1138688K
  class space    used 10776K, committed 13248K, reserved 1048576K
}
Event: 336728.286 GC heap after
{Heap after GC invocations=1064 (full 30):
 garbage-first heap   total 227328K, used 79407K [0x0000000081800000, 0x0000000100000000)
  region size 1024K, 1 young (1024K), 1 survivors (1024K)
 Metaspace       used 79057K, committed 86592K, reserved 1138688K
  class space    used 10776K, committed 13248K, reserved 1048576K
}
Event: 336755.712 GC heap before
{Heap before GC invocations=1065 (full 30):
 garbage-first heap   total 227328K, used 199215K [0x0000000081800000, 0x0000000100000000)
  region size 1024K, 118 young (120832K), 1 survivors (1024K)
 Metaspace       used 79057K, committed 86592K, reserved 1138688K
  class space    used 10776K, committed 13248K, reserved 1048576K
}
Event: 336755.714 GC heap after
{Heap after GC invocations=1066 (full 30):
 garbage-first heap   total 227328K, used 78869K [0x0000000081800000, 0x0000000100000000)
  region size 1024K, 1 young (1024K), 1 survivors (1024K)
 Metaspace       used 79057K, committed 86592K, reserved 1138688K
  class space    used 10776K, committed 13248K, reserved 1048576K
}
Event: 336782.942 GC heap before
{Heap before GC invocations=1066 (full 30):
 garbage-first heap   total 227328K, used 198677K [0x0000000081800000, 0x0000000100000000)
  region size 1024K, 118 young (120832K), 1 survivors (1024K)
 Metaspace       used 79057K, committed 86592K, reserved 1138688K
  class space    used 10776K, committed 13248K, reserved 1048576K
}
Event: 336782.944 GC heap after
{Heap after GC invocations=1067 (full 30):
 garbage-first heap   total 227328K, used 79136K [0x0000000081800000, 0x0000000100000000)
  region size 1024K, 1 young (1024K), 1 survivors (1024K)
 Metaspace       used 79057K, committed 86592K, reserved 1138688K
  class space    used 10776K, committed 13248K, reserved 1048576K
}

