# JRE version: Java(TM) SE Runtime Environment (16.0.1+9) (build 16.0.1+9-24)
# Java VM: Java HotSpot(TM) 64-Bit Server VM (16.0.1+9-24, mixed mode, sharing, tiered, compressed oops, compressed class ptrs, g1 gc, windows-amd64)
GC Precious Log:
 CPUs: 8 total, 8 available
 Memory: 8089M
 Large Page Support: Disabled
 NUMA Support: Disabled
 Compressed Oops: Enabled (32-bit)
 Heap Region Size: 1M
 Heap Min Capacity: 8M
 Heap Initial Capacity: 128M
 Heap Max Capacity: 2024M
 Pre-touch: Disabled
 Parallel Workers: 8
 Concurrent Workers: 2
 Concurrent Refinement Workers: 8
 Periodic GC: Disabled
Heap:
 garbage-first heap   total 66560K, used 41364K [0x0000000081800000, 0x0000000100000000)
  region size 1024K, 18 young (18432K), 3 survivors (3072K)
 Metaspace       used 48774K, committed 49152K, reserved 1097728K
  class space    used 6614K, committed 6784K, reserved 1048576K
GC Heap History (20 events):
Event: 1.959 GC heap before
{Heap before GC invocations=1 (full 0):
 garbage-first heap   total 131072K, used 30212K [0x0000000081800000, 0x0000000100000000)
  region size 1024K, 25 young (25600K), 3 survivors (3072K)
 Metaspace       used 9648K, committed 9856K, reserved 1064960K
  class space    used 1184K, committed 1280K, reserved 1048576K
}
Event: 1.963 GC heap after
{Heap after GC invocations=2 (full 0):
 garbage-first heap   total 131072K, used 10837K [0x0000000081800000, 0x0000000100000000)
  region size 1024K, 2 young (2048K), 2 survivors (2048K)
 Metaspace       used 9648K, committed 9856K, reserved 1064960K
  class space    used 1184K, committed 1280K, reserved 1048576K
}
Event: 2.871 GC heap before
{Heap before GC invocations=2 (full 0):
 garbage-first heap   total 131072K, used 61013K [0x0000000081800000, 0x0000000100000000)
  region size 1024K, 52 young (53248K), 2 survivors (2048K)
 Metaspace       used 19178K, committed 19392K, reserved 1073152K
  class space    used 2551K, committed 2624K, reserved 1048576K
}
Event: 2.876 GC heap after
{Heap after GC invocations=3 (full 0):
 garbage-first heap   total 131072K, used 14225K [0x0000000081800000, 0x0000000100000000)
  region size 1024K, 6 young (6144K), 6 survivors (6144K)
 Metaspace       used 19178K, committed 19392K, reserved 1073152K
  class space    used 2551K, committed 2624K, reserved 1048576K
}
Event: 2.990 GC heap before
{Heap before GC invocations=3 (full 0):
 garbage-first heap   total 131072K, used 58257K [0x0000000081800000, 0x0000000100000000)
  region size 1024K, 51 young (52224K), 6 survivors (6144K)
 Metaspace       used 21075K, committed 21248K, reserved 1073152K
  class space    used 2716K, committed 2816K, reserved 1048576K
}
Event: 2.994 GC heap after
{Heap after GC invocations=4 (full 0):
 garbage-first heap   total 131072K, used 14953K [0x0000000081800000, 0x0000000100000000)
  region size 1024K, 6 young (6144K), 6 survivors (6144K)
 Metaspace       used 21075K, committed 21248K, reserved 1073152K
  class space    used 2716K, committed 2816K, reserved 1048576K
}
Event: 3.359 GC heap before
{Heap before GC invocations=5 (full 0):
 garbage-first heap   total 55296K, used 41577K [0x0000000081800000, 0x0000000100000000)
  region size 1024K, 32 young (32768K), 6 survivors (6144K)
 Metaspace       used 24198K, committed 24448K, reserved 1073152K
  class space    used 3155K, committed 3264K, reserved 1048576K
}
Event: 3.367 GC heap after
{Heap after GC invocations=6 (full 0):
 garbage-first heap   total 55296K, used 16353K [0x0000000081800000, 0x0000000100000000)
  region size 1024K, 3 young (3072K), 3 survivors (3072K)
 Metaspace       used 24198K, committed 24448K, reserved 1073152K
  class space    used 3155K, committed 3264K, reserved 1048576K
}
Event: 3.899 GC heap before
{Heap before GC invocations=6 (full 0):
 garbage-first heap   total 55296K, used 36833K [0x0000000081800000, 0x0000000100000000)
  region size 1024K, 24 young (24576K), 3 survivors (3072K)
 Metaspace       used 26677K, committed 27008K, reserved 1073152K
  class space    used 3496K, committed 3648K, reserved 1048576K
}
Event: 3.905 GC heap after
{Heap after GC invocations=7 (full 0):
 garbage-first heap   total 55296K, used 18221K [0x0000000081800000, 0x0000000100000000)
  region size 1024K, 3 young (3072K), 3 survivors (3072K)
 Metaspace       used 26677K, committed 27008K, reserved 1073152K
  class space    used 3496K, committed 3648K, reserved 1048576K
}
Event: 4.474 GC heap before
{Heap before GC invocations=7 (full 0):
 garbage-first heap   total 55296K, used 40749K [0x0000000081800000, 0x0000000100000000)
  region size 1024K, 25 young (25600K), 3 survivors (3072K)
 Metaspace       used 29851K, committed 30080K, reserved 1081344K
  class space    used 3933K, committed 4032K, reserved 1048576K
}
Event: 4.481 GC heap after
{Heap after GC invocations=8 (full 0):
 garbage-first heap   total 55296K, used 20183K [0x0000000081800000, 0x0000000100000000)
  region size 1024K, 4 young (4096K), 4 survivors (4096K)
 Metaspace       used 29851K, committed 30080K, reserved 1081344K
  class space    used 3933K, committed 4032K, reserved 1048576K
}
Event: 4.927 GC heap before
{Heap before GC invocations=8 (full 0):
 garbage-first heap   total 55296K, used 39639K [0x0000000081800000, 0x0000000100000000)
  region size 1024K, 23 young (23552K), 4 survivors (4096K)
 Metaspace       used 33576K, committed 33984K, reserved 1081344K
  class space    used 4349K, committed 4544K, reserved 1048576K
}
Event: 4.940 GC heap after
{Heap after GC invocations=9 (full 0):
 garbage-first heap   total 66560K, used 23071K [0x0000000081800000, 0x0000000100000000)
  region size 1024K, 3 young (3072K), 3 survivors (3072K)
 Metaspace       used 33576K, committed 33984K, reserved 1081344K
  class space    used 4349K, committed 4544K, reserved 1048576K
}
Event: 5.188 GC heap before
{Heap before GC invocations=9 (full 0):
 garbage-first heap   total 66560K, used 32287K [0x0000000081800000, 0x0000000100000000)
  region size 1024K, 14 young (14336K), 3 survivors (3072K)
 Metaspace       used 35331K, committed 35648K, reserved 1081344K
  class space    used 4550K, committed 4736K, reserved 1048576K
}
Event: 5.196 GC heap after
{Heap after GC invocations=10 (full 0):
 garbage-first heap   total 66560K, used 24708K [0x0000000081800000, 0x0000000100000000)
  region size 1024K, 2 young (2048K), 2 survivors (2048K)
 Metaspace       used 35331K, committed 35648K, reserved 1081344K
  class space    used 4550K, committed 4736K, reserved 1048576K
}
Event: 5.992 GC heap before
{Heap before GC invocations=11 (full 0):
 garbage-first heap   total 66560K, used 49284K [0x0000000081800000, 0x0000000100000000)
  region size 1024K, 26 young (26624K), 2 survivors (2048K)
 Metaspace       used 41279K, committed 41600K, reserved 1089536K
  class space    used 5542K, committed 5696K, reserved 1048576K
}
Event: 5.999 GC heap after
{Heap after GC invocations=12 (full 0):
 garbage-first heap   total 66560K, used 25810K [0x0000000081800000, 0x0000000100000000)
  region size 1024K, 3 young (3072K), 3 survivors (3072K)
 Metaspace       used 41279K, committed 41600K, reserved 1089536K
  class space    used 5542K, committed 5696K, reserved 1048576K
}
Event: 6.627 GC heap before
{Heap before GC invocations=12 (full 0):
 garbage-first heap   total 66560K, used 49362K [0x0000000081800000, 0x0000000100000000)
  region size 1024K, 27 young (27648K), 3 survivors (3072K)
 Metaspace       used 46582K, committed 46912K, reserved 1089536K
  class space    used 6326K, committed 6464K, reserved 1048576K
}
Event: 6.637 GC heap after
{Heap after GC invocations=13 (full 0):
 garbage-first heap   total 66560K, used 27028K [0x0000000081800000, 0x0000000100000000)
  region size 1024K, 3 young (3072K), 3 survivors (3072K)
 Metaspace       used 46582K, committed 46912K, reserved 1089536K
  class space    used 6326K, committed 6464K, reserved 1048576K
}

