# JRE version: OpenJDK Runtime Environment JBR-11.0.11.9-1341.57-dcevm (11.0.11+9) (build 11.0.11+9-b1341.57)
# Java VM: Dynamic Code Evolution 64-Bit Server VM JBR-11.0.11.9-1341.57-dcevm (11.0.11+9-b1341.57, mixed mode, tiered, compressed oops, g1 gc, windows-amd64)
Heap:
 garbage-first heap   total 131072K, used 27899K [0x00000000c0c00000, 0x0000000100000000)
  region size 1024K, 23 young (23552K), 2 survivors (2048K)
 Metaspace       used 23139K, capacity 23758K, committed 23984K, reserved 1071104K
  class space    used 2350K, capacity 2536K, committed 2560K, reserved 1048576K
GC Heap History (8 events):
Event: 1.014 GC heap before
{Heap before GC invocations=0 (full 0):
 garbage-first heap   total 131072K, used 24576K [0x00000000c0c00000, 0x0000000100000000)
  region size 1024K, 24 young (24576K), 0 survivors (0K)
 Metaspace       used 18661K, capacity 19090K, committed 19456K, reserved 1067008K
  class space    used 2027K, capacity 2177K, committed 2304K, reserved 1048576K
}
Event: 1.019 GC heap after
{Heap after GC invocations=1 (full 0):
 garbage-first heap   total 131072K, used 5189K [0x00000000c0c00000, 0x0000000100000000)
  region size 1024K, 3 young (3072K), 3 survivors (3072K)
 Metaspace       used 18661K, capacity 19090K, committed 19456K, reserved 1067008K
  class space    used 2027K, capacity 2177K, committed 2304K, reserved 1048576K
}
Event: 1.374 GC heap before
{Heap before GC invocations=1 (full 0):
 garbage-first heap   total 131072K, used 11333K [0x00000000c0c00000, 0x0000000100000000)
  region size 1024K, 10 young (10240K), 3 survivors (3072K)
 Metaspace       used 20699K, capacity 21152K, committed 21296K, reserved 1069056K
  class space    used 2197K, capacity 2347K, committed 2432K, reserved 1048576K
}
Event: 1.379 GC heap after
{Heap after GC invocations=2 (full 0):
 garbage-first heap   total 131072K, used 6379K [0x00000000c0c00000, 0x0000000100000000)
  region size 1024K, 1 young (1024K), 1 survivors (1024K)
 Metaspace       used 20699K, capacity 21152K, committed 21296K, reserved 1069056K
  class space    used 2197K, capacity 2347K, committed 2432K, reserved 1048576K
}
Event: 80.805 GC heap before
{Heap before GC invocations=3 (full 0):
 garbage-first heap   total 131072K, used 42219K [0x00000000c0c00000, 0x0000000100000000)
  region size 1024K, 36 young (36864K), 1 survivors (1024K)
 Metaspace       used 22510K, capacity 23053K, committed 23216K, reserved 1071104K
  class space    used 2329K, capacity 2502K, committed 2560K, reserved 1048576K
}
Event: 80.808 GC heap after
{Heap after GC invocations=4 (full 0):
 garbage-first heap   total 131072K, used 7067K [0x00000000c0c00000, 0x0000000100000000)
  region size 1024K, 2 young (2048K), 2 survivors (2048K)
 Metaspace       used 22510K, capacity 23053K, committed 23216K, reserved 1071104K
  class space    used 2329K, capacity 2502K, committed 2560K, reserved 1048576K
}
Event: 1185.602 GC heap before
{Heap before GC invocations=4 (full 0):
 garbage-first heap   total 131072K, used 57243K [0x00000000c0c00000, 0x0000000100000000)
  region size 1024K, 51 young (52224K), 2 survivors (2048K)
 Metaspace       used 22985K, capacity 23598K, committed 23728K, reserved 1071104K
  class space    used 2347K, capacity 2531K, committed 2560K, reserved 1048576K
}
Event: 1185.604 GC heap after
{Heap after GC invocations=5 (full 0):
 garbage-first heap   total 131072K, used 7419K [0x00000000c0c00000, 0x0000000100000000)
  region size 1024K, 2 young (2048K), 2 survivors (2048K)
 Metaspace       used 22985K, capacity 23598K, committed 23728K, reserved 1071104K
  class space    used 2347K, capacity 2531K, committed 2560K, reserved 1048576K
}

