# JRE version: Java(TM) SE Runtime Environment (16.0.1+9) (build 16.0.1+9-24)
# Java VM: Java HotSpot(TM) 64-Bit Server VM (16.0.1+9-24, mixed mode, sharing, tiered, compressed oops, compressed class ptrs, g1 gc, windows-amd64)
GC Precious Log:
 CPUs: 8 total, 8 available
 Memory: 8089M
 Large Page Support: Disabled
 NUMA Support: Disabled
 Compressed Oops: Enabled (32-bit)
 Heap Region Size: 1M
 Heap Min Capacity: 8M
 Heap Initial Capacity: 128M
 Heap Max Capacity: 2024M
 Pre-touch: Disabled
 Parallel Workers: 8
 Concurrent Workers: 2
 Concurrent Refinement Workers: 8
 Periodic GC: Disabled
Heap:
 garbage-first heap   total 92160K, used 85528K [0x0000000081800000, 0x0000000100000000)
  region size 1024K, 66 young (67584K), 6 survivors (6144K)
 Metaspace       used 48252K, committed 48640K, reserved 1097728K
  class space    used 6744K, committed 6912K, reserved 1048576K
GC Heap History (20 events):
Event: 1.599 GC heap after
{Heap after GC invocations=2 (full 0):
 garbage-first heap   total 131072K, used 9431K [0x0000000081800000, 0x0000000100000000)
  region size 1024K, 1 young (1024K), 1 survivors (1024K)
 Metaspace       used 7340K, committed 7552K, reserved 1056768K
  class space    used 884K, committed 960K, reserved 1048576K
}
Event: 2.413 GC heap before
{Heap before GC invocations=2 (full 0):
 garbage-first heap   total 131072K, used 75991K [0x0000000081800000, 0x0000000100000000)
  region size 1024K, 67 young (68608K), 1 survivors (1024K)
 Metaspace       used 16573K, committed 16832K, reserved 1064960K
  class space    used 2248K, committed 2368K, reserved 1048576K
}
Event: 2.416 GC heap after
{Heap after GC invocations=3 (full 0):
 garbage-first heap   total 131072K, used 12358K [0x0000000081800000, 0x0000000100000000)
  region size 1024K, 4 young (4096K), 4 survivors (4096K)
 Metaspace       used 16573K, committed 16832K, reserved 1064960K
  class space    used 2248K, committed 2368K, reserved 1048576K
}
Event: 2.796 GC heap before
{Heap before GC invocations=3 (full 0):
 garbage-first heap   total 131072K, used 85062K [0x0000000081800000, 0x0000000100000000)
  region size 1024K, 76 young (77824K), 4 survivors (4096K)
 Metaspace       used 20130K, committed 20416K, reserved 1073152K
  class space    used 2731K, committed 2880K, reserved 1048576K
}
Event: 2.800 GC heap after
{Heap after GC invocations=4 (full 0):
 garbage-first heap   total 131072K, used 14318K [0x0000000081800000, 0x0000000100000000)
  region size 1024K, 6 young (6144K), 6 survivors (6144K)
 Metaspace       used 20130K, committed 20416K, reserved 1073152K
  class space    used 2731K, committed 2880K, reserved 1048576K
}
Event: 2.884 GC heap before
{Heap before GC invocations=4 (full 0):
 garbage-first heap   total 131072K, used 19438K [0x0000000081800000, 0x0000000100000000)
  region size 1024K, 12 young (12288K), 6 survivors (6144K)
 Metaspace       used 20966K, committed 21248K, reserved 1073152K
  class space    used 2847K, committed 3008K, reserved 1048576K
}
Event: 2.889 GC heap after
{Heap after GC invocations=5 (full 0):
 garbage-first heap   total 131072K, used 14683K [0x0000000081800000, 0x0000000100000000)
  region size 1024K, 6 young (6144K), 6 survivors (6144K)
 Metaspace       used 20966K, committed 21248K, reserved 1073152K
  class space    used 2847K, committed 3008K, reserved 1048576K
}
Event: 3.394 GC heap before
{Heap before GC invocations=6 (full 0):
 garbage-first heap   total 55296K, used 54619K [0x0000000081800000, 0x0000000100000000)
  region size 1024K, 45 young (46080K), 6 survivors (6144K)
 Metaspace       used 26300K, committed 26688K, reserved 1073152K
  class space    used 3652K, committed 3840K, reserved 1048576K
}
Event: 3.401 GC heap after
{Heap after GC invocations=7 (full 0):
 garbage-first heap   total 78848K, used 18093K [0x0000000081800000, 0x0000000100000000)
  region size 1024K, 6 young (6144K), 6 survivors (6144K)
 Metaspace       used 26300K, committed 26688K, reserved 1073152K
  class space    used 3652K, committed 3840K, reserved 1048576K
}
Event: 3.432 GC heap before
{Heap before GC invocations=7 (full 0):
 garbage-first heap   total 78848K, used 57005K [0x0000000081800000, 0x0000000100000000)
  region size 1024K, 45 young (46080K), 6 survivors (6144K)
 Metaspace       used 26496K, committed 26816K, reserved 1073152K
  class space    used 3672K, committed 3840K, reserved 1048576K
}
Event: 3.436 GC heap after
{Heap after GC invocations=8 (full 0):
 garbage-first heap   total 78848K, used 18805K [0x0000000081800000, 0x0000000100000000)
  region size 1024K, 1 young (1024K), 1 survivors (1024K)
 Metaspace       used 26496K, committed 26816K, reserved 1073152K
  class space    used 3672K, committed 3840K, reserved 1048576K
}
Event: 3.475 GC heap before
{Heap before GC invocations=8 (full 0):
 garbage-first heap   total 78848K, used 59765K [0x0000000081800000, 0x0000000100000000)
  region size 1024K, 42 young (43008K), 1 survivors (1024K)
 Metaspace       used 26915K, committed 27264K, reserved 1073152K
  class space    used 3708K, committed 3840K, reserved 1048576K
}
Event: 3.476 GC heap after
{Heap after GC invocations=9 (full 0):
 garbage-first heap   total 78848K, used 18428K [0x0000000081800000, 0x0000000100000000)
  region size 1024K, 1 young (1024K), 1 survivors (1024K)
 Metaspace       used 26915K, committed 27264K, reserved 1073152K
  class space    used 3708K, committed 3840K, reserved 1048576K
}
Event: 3.894 GC heap before
{Heap before GC invocations=9 (full 0):
 garbage-first heap   total 78848K, used 61436K [0x0000000081800000, 0x0000000100000000)
  region size 1024K, 43 young (44032K), 1 survivors (1024K)
 Metaspace       used 33778K, committed 34176K, reserved 1081344K
  class space    used 4706K, committed 4928K, reserved 1048576K
}
Event: 3.897 GC heap after
{Heap after GC invocations=10 (full 0):
 garbage-first heap   total 78848K, used 21182K [0x0000000081800000, 0x0000000100000000)
  region size 1024K, 4 young (4096K), 4 survivors (4096K)
 Metaspace       used 33778K, committed 34176K, reserved 1081344K
  class space    used 4706K, committed 4928K, reserved 1048576K
}
Event: 3.971 GC heap before
{Heap before GC invocations=10 (full 0):
 garbage-first heap   total 78848K, used 26302K [0x0000000081800000, 0x0000000100000000)
  region size 1024K, 10 young (10240K), 4 survivors (4096K)
 Metaspace       used 35335K, committed 35648K, reserved 1081344K
  class space    used 4877K, committed 5056K, reserved 1048576K
}
Event: 3.974 GC heap after
{Heap after GC invocations=11 (full 0):
 garbage-first heap   total 78848K, used 21671K [0x0000000081800000, 0x0000000100000000)
  region size 1024K, 4 young (4096K), 4 survivors (4096K)
 Metaspace       used 35335K, committed 35648K, reserved 1081344K
  class space    used 4877K, committed 5056K, reserved 1048576K
}
Event: 4.442 GC heap before
{Heap before GC invocations=12 (full 0):
 garbage-first heap   total 78848K, used 61607K [0x0000000081800000, 0x0000000100000000)
  region size 1024K, 43 young (44032K), 4 survivors (4096K)
 Metaspace       used 42804K, committed 43200K, reserved 1089536K
  class space    used 6005K, committed 6208K, reserved 1048576K
}
Event: 4.446 GC heap after
{Heap after GC invocations=13 (full 0):
 garbage-first heap   total 115712K, used 24088K [0x0000000081800000, 0x0000000100000000)
  region size 1024K, 3 young (3072K), 3 survivors (3072K)
 Metaspace       used 42804K, committed 43200K, reserved 1089536K
  class space    used 6005K, committed 6208K, reserved 1048576K
}
Event: 5.015 GC heap before
{Heap before GC invocations=14 (full 0):
 garbage-first heap   total 86016K, used 85528K [0x0000000081800000, 0x0000000100000000)
  region size 1024K, 63 young (64512K), 3 survivors (3072K)
 Metaspace       used 48252K, committed 48640K, reserved 1097728K
  class space    used 6744K, committed 6912K, reserved 1048576K
}

